<?xml version="1.0" encoding="UTF-8"?>
<!-- Generated by org.testng.reporters.JUnitXMLReporter -->
<testsuite ignored="0" hostname="HJNZL001463" failures="1" tests="4" name="Peform data parameter" time="0.056" errors="0" timestamp="2021-10-18T09:34:01 IST">
  <testcase classname="UI.GroupTestCase" name="Test3" time="0.004"/>
  <testcase classname="UI.GroupTestCase" name="Test4" time="0.004">
    <failure type="java.lang.AssertionError" message="expected [true] but found [false]">
      <![CDATA[java.lang.AssertionError: expected [true] but found [false]
at UI.GroupTestCase.Test4(GroupTestCase.java:51)
at java.base/java.util.ArrayList.forEach(ArrayList.java:1511)
... Removed 31 stack frames]]>
    </failure>
  </testcase> <!-- Test4 -->
  <testcase classname="UI.GroupTestCase" name="Test2" time="0.001"/>
  <testcase classname="UI.GroupTestCase" name="Test1" time="0.001"/>
</testsuite> <!-- Peform data parameter -->
