<?xml version="1.0" encoding="UTF-8"?>
<!-- Generated by org.testng.reporters.JUnitXMLReporter -->
<testsuite ignored="0" hostname="HJNZL001463" failures="1" tests="4" name="generate report Test" time="8.507" errors="0" timestamp="2021-10-19T13:40:02 IST">
  <testcase classname="UI.ReportTests" name="reporterTest1" time="8.251">
    <failure type="java.lang.AssertionError" message="expected [true] but found [false]">
      <![CDATA[java.lang.AssertionError: expected [true] but found [false]
at UI.ReportTests.reporterTest1(ReportTests.java:16)
at java.base/java.util.ArrayList.forEach(ArrayList.java:1511)
... Removed 31 stack frames]]>
    </failure>
  </testcase> <!-- reporterTest1 -->
  <testcase classname="UI.ReportTests" name="reporterTest2" time="0.002"/>
  <testcase classname="UI.ReportTests" name="reporterTest3" time="0.001"/>
  <testcase classname="UI.ReportTests" name="reporterTest4" time="0.001"/>
</testsuite> <!-- generate report Test -->
