<?xml version="1.0" encoding="UTF-8"?>
<!-- Generated by org.testng.reporters.JUnitXMLReporter -->
<testsuite ignored="0" hostname="HJNZL001463" failures="1" tests="1" name="Listener Testing" time="13.226" errors="0" timestamp="2021-10-19T12:33:17 IST">
  <testcase classname="UI.ScreenshotListener" name="launchApp" time="12.763">
    <failure type="java.lang.AssertionError" message="expected [true] but found [false]">
      <![CDATA[java.lang.AssertionError: expected [true] but found [false]
at UI.ScreenshotListener.launchApp(ScreenshotListener.java:16)
at java.base/java.util.ArrayList.forEach(ArrayList.java:1511)
... Removed 31 stack frames]]>
    </failure>
  </testcase> <!-- launchApp -->
</testsuite> <!-- Listener Testing -->
