<?xml version="1.0" encoding="UTF-8"?>
<!-- Generated by org.testng.reporters.JUnitXMLReporter -->
<testsuite ignored="0" hostname="HJNZL001463" failures="0" tests="4" name="Test" time="0.02" errors="0" timestamp="2021-10-08T15:15:15 IST">
  <testcase classname="UI.LoginTest" name="bloginTest" time="0.001"/>
  <testcase classname="UI.LoginTest" name="alogoutTest" time="0.001"/>
  <testcase classname="UI.TestAnnotation" name="test3" time="0.001"/>
  <testcase classname="UI.TestAnnotation" name="test4" time="0.001"/>
</testsuite> <!-- Test -->
