<?xml version="1.0" encoding="UTF-8"?>
<!-- Generated by org.testng.reporters.JUnitXMLReporter -->
<testsuite ignored="0" hostname="HJNZL001463" failures="0" tests="4" name="GRP-user-registration" time="0.045" errors="0" timestamp="2021-10-06T14:54:08 IST">
  <testcase classname="UI.GrouPTestCase" name="Test3" time="0.007"/>
  <testcase classname="UI.GrouPTestCase" name="Test4" time="0.001"/>
  <testcase classname="UI.GrouPTestCase" name="Test2" time="0.001"/>
  <testcase classname="UI.GrouPTestCase" name="Test1" time="0.0"/>
</testsuite> <!-- GRP-user-registration -->
