<?xml version="1.0" encoding="UTF-8"?>
<!-- Generated by org.testng.reporters.JUnitXMLReporter -->
<testsuite ignored="1" hostname="HJNZL001463" failures="0" tests="3" name="GRP-regresssion" time="0.042" errors="0" timestamp="2021-10-06T14:53:24 IST">
  <testcase classname="UI.GrouPTestCase" name="Test3" time="0.006"/>
  <testcase classname="UI.GrouPTestCase" name="Test2" time="0.001"/>
  <testcase classname="UI.GrouPTestCase" name="Test1" time="0.001"/>
  <testcase classname="UI.GrouPTestCase" name="Test4" time="0.0">
    <ignored/>
  </testcase> <!-- Test4 -->
</testsuite> <!-- GRP-regresssion -->
