<?xml version="1.0" encoding="UTF-8"?>
<!-- Generated by org.testng.reporters.JUnitXMLReporter -->
<testsuite ignored="3" hostname="HJNZL001463" failures="0" tests="3" name="Test" time="0.048" errors="0" timestamp="2021-10-06T15:34:50 IST">
  <testcase classname="UI.GrouPTestCase" name="Test3" time="0.008"/>
  <testcase classname="UI.GrouPTestCase" name="Test2" time="0.0"/>
  <testcase classname="UI.GrouPTestCase" name="Test1" time="0.0"/>
  <testcase classname="UI.LoginTest" name="bloginTest" time="0.0">
    <ignored/>
  </testcase> <!-- bloginTest -->
  <testcase classname="UI.GrouPTestCase" name="Test4" time="0.0">
    <ignored/>
  </testcase> <!-- Test4 -->
  <testcase classname="UI.LoginTest" name="alogoutTest" time="0.0">
    <ignored/>
  </testcase> <!-- alogoutTest -->
</testsuite> <!-- Test -->
